<?xml version="1.0" encoding="UTF-8"?>
<!-- Generated by org.testng.reporters.JUnitXMLReporter -->
<testsuite hostname="apples-MacBook-Pro.local" ignored="0" name="Surefire test" tests="6" failures="0" timestamp="2020-11-07T07:36:44 IST" time="16.636" errors="0">
  <testcase name="alerts" time="2.943" classname="org.automation.AzureSelenium.HerokuTests"/>
  <testcase name="dropDwown" time="2.582" classname="org.automation.AzureSelenium.HerokuTests"/>
  <testcase name="mouseHoverAndClick" time="3.409" classname="org.automation.AzureSelenium.HerokuTests"/>
  <testcase name="sliderTest" time="2.844" classname="org.automation.AzureSelenium.HerokuTests"/>
  <testcase name="verifyTitleOfTheApplication" time="0.009" classname="org.automation.AzureSelenium.HerokuTests"/>
  <testcase name="verifyURLOfTheApplication" time="0.006" classname="org.automation.AzureSelenium.HerokuTests"/>
</testsuite> <!-- Surefire test -->
