<?xml version="1.0" encoding="UTF-8"?>
<!-- Generated by org.testng.reporters.JUnitXMLReporter -->
<testsuite hostname="apples-MacBook-Pro.local" ignored="0" name="Default test" tests="6" failures="0" timestamp="2020-11-07T17:57:28 IST" time="19.07" errors="0">
  <testcase name="alerts" time="3.118" classname="org.automation.AzureSelenium.HerokuTests"/>
  <testcase name="dropDwown" time="2.694" classname="org.automation.AzureSelenium.HerokuTests"/>
  <testcase name="mouseHoverAndClick" time="3.504" classname="org.automation.AzureSelenium.HerokuTests"/>
  <testcase name="sliderTest" time="2.875" classname="org.automation.AzureSelenium.HerokuTests"/>
  <testcase name="verifyTitleOfTheApplication" time="0.011" classname="org.automation.AzureSelenium.HerokuTests"/>
  <testcase name="verifyURLOfTheApplication" time="0.011" classname="org.automation.AzureSelenium.HerokuTests"/>
</testsuite> <!-- Default test -->
