<?xml version="1.0" encoding="UTF-8"?>
<!-- Generated by org.testng.reporters.JUnitXMLReporter -->
<testsuite hostname="apples-MacBook-Pro.local" ignored="0" name="Test" tests="6" failures="0" timestamp="2021-03-28T21:04:14 IST" time="51.003" errors="0">
  <testcase name="alerts" time="13.526" classname="org.automation.AzureSelenium.HerokuTests"/>
  <testcase name="dropDwown" time="7.858" classname="org.automation.AzureSelenium.HerokuTests"/>
  <testcase name="mouseHoverAndClick" time="8.431" classname="org.automation.AzureSelenium.HerokuTests"/>
  <testcase name="sliderTest" time="7.911" classname="org.automation.AzureSelenium.HerokuTests"/>
  <testcase name="verifyTitleOfTheApplication" time="5.017" classname="org.automation.AzureSelenium.HerokuTests"/>
  <testcase name="verifyURLOfTheApplication" time="5.018" classname="org.automation.AzureSelenium.HerokuTests"/>
</testsuite> <!-- Test -->
